0 info it worked if it ends with ok
1 verbose cli [ '/usr/bin/nodejs', '/usr/bin/npm', 'install', 'x2js' ]
2 info using npm@1.2.18
3 info using node@v0.10.15
4 verbose read json /home/bnkeez/package.json
5 verbose read json /home/bnkeez/node_modules/karma/package.json
6 verbose read json /home/bnkeez/package.json
7 verbose cache add [ 'x2js', null ]
8 verbose cache add name=undefined spec="x2js" args=["x2js",null]
9 verbose parsed url { protocol: null,
9 verbose parsed url   slashes: null,
9 verbose parsed url   auth: null,
9 verbose parsed url   host: null,
9 verbose parsed url   port: null,
9 verbose parsed url   hostname: null,
9 verbose parsed url   hash: null,
9 verbose parsed url   search: null,
9 verbose parsed url   query: null,
9 verbose parsed url   pathname: 'x2js',
9 verbose parsed url   path: 'x2js',
9 verbose parsed url   href: 'x2js' }
10 silly lockFile b97d272f-x2js x2js
11 verbose lock x2js /home/bnkeez/.npm/b97d272f-x2js.lock
12 silly lockFile b97d272f-x2js x2js
13 silly lockFile b97d272f-x2js x2js
14 verbose addNamed [ 'x2js', '' ]
15 verbose addNamed [ null, '*' ]
16 silly lockFile 502674a6-x2js x2js@
17 verbose lock x2js@ /home/bnkeez/.npm/502674a6-x2js.lock
18 silly addNameRange { name: 'x2js', range: '*', hasData: false }
19 verbose url raw x2js
20 verbose url resolving [ 'https://registry.npmjs.org/', './x2js' ]
21 verbose url resolved https://registry.npmjs.org/x2js
22 info trying registry request attempt 1 at 17:23:59
23 http GET https://registry.npmjs.org/x2js
24 http 404 https://registry.npmjs.org/x2js
25 silly registry.get cb [ 404,
25 silly registry.get   { date: 'Sun, 16 Mar 2014 16:24:01 GMT',
25 silly registry.get     server: 'CouchDB/1.5.0 (Erlang OTP/R14B04)',
25 silly registry.get     'content-type': 'application/json',
25 silly registry.get     via: '1.1 varnish',
25 silly registry.get     'cache-control': 'max-age=0',
25 silly registry.get     'content-length': '52',
25 silly registry.get     'accept-ranges': 'bytes',
25 silly registry.get     age: '0',
25 silly registry.get     'x-served-by': 'cache-v44-ASH, cache-fra1233-FRA',
25 silly registry.get     'x-cache': 'MISS, MISS',
25 silly registry.get     'x-cache-hits': '0, 0',
25 silly registry.get     'x-timer': 'S1394987041.196326971,VS0,VS-185,VE-73,VE211',
25 silly registry.get     'keep-alive': 'timeout=10, max=50',
25 silly registry.get     connection: 'Keep-Alive' } ]
26 silly lockFile 502674a6-x2js x2js@
27 silly lockFile 502674a6-x2js x2js@
28 error 404 'x2js' is not in the npm registry.
28 error 404 You should bug the author to publish it
28 error 404
28 error 404 Note that you can also install from a
28 error 404 tarball, folder, or http url, or git url.
29 error System Linux 3.11.0-18-generic
30 error command "/usr/bin/nodejs" "/usr/bin/npm" "install" "x2js"
31 error cwd /home/bnkeez/workspaces/web
32 error node -v v0.10.15
33 error npm -v 1.2.18
34 error code E404
35 verbose exit [ 1, true ]
